<?xml version="1.0" encoding="UTF-8"?>
<testng-results skipped="0" failed="0" total="1" passed="1">
  <reporter-output>
  </reporter-output>
  <suite name="Suite" duration-ms="19336" started-at="2018-01-14T06:08:16Z" finished-at="2018-01-14T06:08:35Z">
    <groups>
    </groups>
    <test name="Test" duration-ms="19336" started-at="2018-01-14T06:08:16Z" finished-at="2018-01-14T06:08:35Z">
      <class name="WebElementOper.elementOper.HandleMouseOver">
        <test-method status="PASS" signature="dragAndDropBYEx()[pri:0, instance:WebElementOper.elementOper.HandleMouseOver@27f674d]" name="dragAndDropBYEx" duration-ms="19307" started-at="2018-01-14T11:38:16Z" finished-at="2018-01-14T11:38:35Z">
          <reporter-output>
          </reporter-output>
        </test-method> <!-- dragAndDropBYEx -->
      </class> <!-- WebElementOper.elementOper.HandleMouseOver -->
    </test> <!-- Test -->
  </suite> <!-- Suite -->
</testng-results>
