<?xml version="1.0" encoding="UTF-8"?>
<testng-results skipped="0" failed="0" total="1" passed="1">
  <reporter-output>
  </reporter-output>
  <suite name="Suite" duration-ms="38005" started-at="2018-01-14T05:18:29Z" finished-at="2018-01-14T05:19:07Z">
    <groups>
    </groups>
    <test name="Test" duration-ms="38005" started-at="2018-01-14T05:18:29Z" finished-at="2018-01-14T05:19:07Z">
      <class name="WebElementOper.elementOper.HandleMouseOver">
        <test-method status="PASS" signature="dragAndDropBYEx()[pri:0, instance:WebElementOper.elementOper.HandleMouseOver@7823a2f9]" name="dragAndDropBYEx" duration-ms="37948" started-at="2018-01-14T10:48:29Z" finished-at="2018-01-14T10:49:07Z">
          <reporter-output>
          </reporter-output>
        </test-method> <!-- dragAndDropBYEx -->
      </class> <!-- WebElementOper.elementOper.HandleMouseOver -->
    </test> <!-- Test -->
  </suite> <!-- Suite -->
</testng-results>
